<?xml version="1.0" encoding="UTF-8"?>
<testsuite xmlns:xsi="http://www.w3.org/2001/XMLSchema-instance" xsi:schemaLocation="https://maven.apache.org/surefire/maven-surefire-plugin/xsd/surefire-test-report.xsd" name="TestSuite" time="22.758" tests="3" errors="0" skipped="0" failures="1">
  <properties>
    <property name="java.runtime.name" value="Java(TM) SE Runtime Environment"/>
    <property name="sun.boot.library.path" value="/Library/Java/JavaVirtualMachines/jdk1.8.0_161.jdk/Contents/Home/jre/lib"/>
    <property name="java.vm.version" value="25.161-b12"/>
    <property name="gopherProxySet" value="false"/>
    <property name="java.vm.vendor" value="Oracle Corporation"/>
    <property name="maven.multiModuleProjectDirectory" value="/Users/andreyi/Documents/JavaAutomation/AdvancedCucumberFramework"/>
    <property name="java.vendor.url" value="http://java.oracle.com/"/>
    <property name="path.separator" value=":"/>
    <property name="guice.disable.misplaced.annotation.check" value="true"/>
    <property name="java.vm.name" value="Java HotSpot(TM) 64-Bit Server VM"/>
    <property name="file.encoding.pkg" value="sun.io"/>
    <property name="user.country" value="US"/>
    <property name="sun.java.launcher" value="SUN_STANDARD"/>
    <property name="sun.os.patch.level" value="unknown"/>
    <property name="java.vm.specification.name" value="Java Virtual Machine Specification"/>
    <property name="user.dir" value="/Users/andreyi/Documents/JavaAutomation/AdvancedCucumberFramework"/>
    <property name="java.runtime.version" value="1.8.0_161-b12"/>
    <property name="java.awt.graphicsenv" value="sun.awt.CGraphicsEnvironment"/>
    <property name="java.endorsed.dirs" value="/Library/Java/JavaVirtualMachines/jdk1.8.0_161.jdk/Contents/Home/jre/lib/endorsed"/>
    <property name="os.arch" value="x86_64"/>
    <property name="java.io.tmpdir" value="/var/folders/15/zh80tpnd0cs5chsf6p674qt40000gn/T/"/>
    <property name="line.separator" value="&#10;"/>
    <property name="java.vm.specification.vendor" value="Oracle Corporation"/>
    <property name="os.name" value="Mac OS X"/>
    <property name="classworlds.conf" value="/Users/andreyi/Documents/JavaAutomation/apache-maven-3.6.1/bin/m2.conf"/>
    <property name="sun.jnu.encoding" value="UTF-8"/>
    <property name="java.library.path" value="/Users/andreyi/Library/Java/Extensions:/Library/Java/Extensions:/Network/Library/Java/Extensions:/System/Library/Java/Extensions:/usr/lib/java:."/>
    <property name="maven.conf" value="/Users/andreyi/Documents/JavaAutomation/apache-maven-3.6.1/conf"/>
    <property name="java.specification.name" value="Java Platform API Specification"/>
    <property name="java.class.version" value="52.0"/>
    <property name="sun.management.compiler" value="HotSpot 64-Bit Tiered Compilers"/>
    <property name="os.version" value="10.14.5"/>
    <property name="library.jansi.path" value="/Users/andreyi/Documents/JavaAutomation/apache-maven-3.6.1/lib/jansi-native"/>
    <property name="http.nonProxyHosts" value="local|*.local|169.254/16|*.169.254/16"/>
    <property name="user.home" value="/Users/andreyi"/>
    <property name="user.timezone" value="America/New_York"/>
    <property name="java.awt.printerjob" value="sun.lwawt.macosx.CPrinterJob"/>
    <property name="java.specification.version" value="1.8"/>
    <property name="file.encoding" value="UTF-8"/>
    <property name="user.name" value="andreyi"/>
    <property name="java.class.path" value="/Users/andreyi/Documents/JavaAutomation/apache-maven-3.6.1/boot/plexus-classworlds-2.6.0.jar"/>
    <property name="java.vm.specification.version" value="1.8"/>
    <property name="sun.arch.data.model" value="64"/>
    <property name="java.home" value="/Library/Java/JavaVirtualMachines/jdk1.8.0_161.jdk/Contents/Home/jre"/>
    <property name="sun.java.command" value="org.codehaus.plexus.classworlds.launcher.Launcher clean compile test"/>
    <property name="java.specification.vendor" value="Oracle Corporation"/>
    <property name="user.language" value="en"/>
    <property name="awt.toolkit" value="sun.lwawt.macosx.LWCToolkit"/>
    <property name="java.vm.info" value="mixed mode"/>
    <property name="java.version" value="1.8.0_161"/>
    <property name="java.ext.dirs" value="/Users/andreyi/Library/Java/Extensions:/Library/Java/JavaVirtualMachines/jdk1.8.0_161.jdk/Contents/Home/jre/lib/ext:/Library/Java/Extensions:/Network/Library/Java/Extensions:/System/Library/Java/Extensions:/usr/lib/java"/>
    <property name="sun.boot.class.path" value="/Library/Java/JavaVirtualMachines/jdk1.8.0_161.jdk/Contents/Home/jre/lib/resources.jar:/Library/Java/JavaVirtualMachines/jdk1.8.0_161.jdk/Contents/Home/jre/lib/rt.jar:/Library/Java/JavaVirtualMachines/jdk1.8.0_161.jdk/Contents/Home/jre/lib/sunrsasign.jar:/Library/Java/JavaVirtualMachines/jdk1.8.0_161.jdk/Contents/Home/jre/lib/jsse.jar:/Library/Java/JavaVirtualMachines/jdk1.8.0_161.jdk/Contents/Home/jre/lib/jce.jar:/Library/Java/JavaVirtualMachines/jdk1.8.0_161.jdk/Contents/Home/jre/lib/charsets.jar:/Library/Java/JavaVirtualMachines/jdk1.8.0_161.jdk/Contents/Home/jre/lib/jfr.jar:/Library/Java/JavaVirtualMachines/jdk1.8.0_161.jdk/Contents/Home/jre/classes"/>
    <property name="java.vendor" value="Oracle Corporation"/>
    <property name="maven.home" value="/Users/andreyi/Documents/JavaAutomation/apache-maven-3.6.1"/>
    <property name="file.separator" value="/"/>
    <property name="java.vendor.url.bug" value="http://bugreport.sun.com/bugreport/"/>
    <property name="sun.cpu.endian" value="little"/>
    <property name="sun.io.unicode.encoding" value="UnicodeBig"/>
    <property name="socksNonProxyHosts" value="local|*.local|169.254/16|*.169.254/16"/>
    <property name="ftp.nonProxyHosts" value="local|*.local|169.254/16|*.169.254/16"/>
    <property name="sun.cpu.isalist" value=""/>
  </properties>
  <testcase name="feature" classname="runners.MainRunner" time="8.423">
    <failure message="java.lang.NullPointerException" type="cucumber.runtime.CucumberException">cucumber.runtime.CucumberException: java.lang.NullPointerException
Caused by: java.lang.NullPointerException
</failure>
    <system-out><![CDATA[Feature: Login to account

  Scenario Outline: Login to account using valid  and invalid credentials # Login.feature:3
    Given User navigates to "<url>" login page
    And User type "<username>" username
    And User type "<password>" password
    When User clicks on Login Button
    Then User should be presented with "<message>" message

    Examples: 
WebElement is visible using locator: <[[ChromeDriver: chrome on MAC (79577b33efc4236851ff3848e9a5cb4f)] -> id: text]>
Successfully Sent the following keys: 'andreyivanov' to element: <[[ChromeDriver: chrome on MAC (79577b33efc4236851ff3848e9a5cb4f)] -> id: text]>
WebElement is visible using locator: <[[ChromeDriver: chrome on MAC (79577b33efc4236851ff3848e9a5cb4f)] -> id: password]>
Successfully Sent the following keys: '198632' to element: <[[ChromeDriver: chrome on MAC (79577b33efc4236851ff3848e9a5cb4f)] -> id: password]>
WebElement is clickable using locator: <[[ChromeDriver: chrome on MAC (79577b33efc4236851ff3848e9a5cb4f)] -> id: login-button]>
true

  Scenario Outline: Login to account using valid  and invalid credentials                     # Login.feature:11
    Given User navigates to "http://webdriveruniversity.com/Login-Portal/run.html" login page # LoginSteps.user_navigates_to_login_page(String)
    And User type "andreyivanov" username                                                     # LoginSteps.user_type_username(String)
    And User type "198632" password                                                           # LoginSteps.user_type_password(String)
    When User clicks on Login Button                                                          # LoginSteps.user_clicks_on_Login_Button()
      java.lang.NullPointerException
      	at pageObjects.Login_Page.clickLoginButton(Login_Page.java:42)
      	at stepDifinitions.LoginSteps.user_clicks_on_Login_Button(LoginSteps.java:31)
      	at ✽.When User clicks on Login Button(Login.feature:7)

    Then User should be presented with "validation failed" message                            # LoginSteps.user_should_be_presented_with_message(String)
WebElement is visible using locator: <[[ChromeDriver: chrome on MAC (5325d991504d576579c2a86ccad2db64)] -> id: text]>
Successfully Sent the following keys: 'webdriver123' to element: <[[ChromeDriver: chrome on MAC (5325d991504d576579c2a86ccad2db64)] -> id: text]>
WebElement is visible using locator: <[[ChromeDriver: chrome on MAC (5325d991504d576579c2a86ccad2db64)] -> id: password]>
Successfully Sent the following keys: 'webdriver123' to element: <[[ChromeDriver: chrome on MAC (5325d991504d576579c2a86ccad2db64)] -> id: password]>
WebElement is clickable using locator: <[[ChromeDriver: chrome on MAC (5325d991504d576579c2a86ccad2db64)] -> id: login-button]>
true

  Scenario Outline: Login to account using valid  and invalid credentials                     # Login.feature:12
    Given User navigates to "http://webdriveruniversity.com/Login-Portal/run.html" login page # LoginSteps.user_navigates_to_login_page(String)
    And User type "webdriver123" username                                                     # LoginSteps.user_type_username(String)
    And User type "webdriver123" password                                                     # LoginSteps.user_type_password(String)
    When User clicks on Login Button                                                          # LoginSteps.user_clicks_on_Login_Button()
      java.lang.NullPointerException
      	at pageObjects.Login_Page.clickLoginButton(Login_Page.java:42)
      	at stepDifinitions.LoginSteps.user_clicks_on_Login_Button(LoginSteps.java:31)
      	at ✽.When User clicks on Login Button(Login.feature:7)

    Then User should be presented with "validation succeeded" message                         # LoginSteps.user_should_be_presented_with_message(String)
]]></system-out>
    <system-err><![CDATA[Starting ChromeDriver 76.0.3809.126 (d80a294506b4c9d18015e755cee48f953ddc3f2f-refs/branch-heads/3809@{#1024}) on port 4744
Only local connections are allowed.
Please protect ports used by ChromeDriver and related test frameworks to prevent access by malicious code.
Aug 31, 2019 12:11:42 PM org.openqa.selenium.remote.ProtocolHandshake createSession
INFO: Detected dialect: W3C
Starting ChromeDriver 76.0.3809.126 (d80a294506b4c9d18015e755cee48f953ddc3f2f-refs/branch-heads/3809@{#1024}) on port 1688
Only local connections are allowed.
Please protect ports used by ChromeDriver and related test frameworks to prevent access by malicious code.
Aug 31, 2019 12:11:46 PM org.openqa.selenium.remote.ProtocolHandshake createSession
INFO: Detected dialect: W3C
]]></system-err>
  </testcase>
  <testcase name="feature" classname="runners.MainRunner" time="5.514"/>
  <testcase name="feature" classname="runners.MainRunner" time="4.6"/>
</testsuite>