<?xml version="1.0" encoding="UTF-8"?>
<!-- Generated by org.testng.reporters.JUnitReportReporter -->
<testsuite hostname="Andreys-Air.fios-router.home" name="runners.MainRunner" tests="3" failures="0" timestamp="1 Sep 2019 14:39:57 GMT" time="17.241" errors="0">
  <testcase name="feature" time="4.532" classname="runners.MainRunner"/>
  <testcase name="feature" time="8.425" classname="runners.MainRunner"/>
  <testcase name="feature" time="4.284" classname="runners.MainRunner"/>
</testsuite> <!-- runners.MainRunner -->
