<?xml version="1.0" encoding="UTF-8"?>
<!-- Generated by org.testng.reporters.JUnitReportReporter -->
<testsuite hostname="Andreys-Air.fios-router.home" name="runners.MainRunner" tests="2" failures="0" timestamp="27 Aug 2019 02:55:03 GMT" time="10.448" errors="0">
  <testcase name="feature" time="4.773" classname="runners.MainRunner"/>
  <testcase name="feature" time="5.675" classname="runners.MainRunner"/>
</testsuite> <!-- runners.MainRunner -->
